TN:
SF:src\shared\domain\value-object\InvalidArgumentError.ts
FNF:0
FNH:0
DA:1,1
LF:1
LH:1
BRF:0
BRH:0
end_of_record
TN:
SF:src\shared\domain\value-object\StringValueObject.ts
FNF:0
FNH:0
DA:1,1
DA:2,1
DA:3,1
LF:3
LH:3
BRF:0
BRH:0
end_of_record
TN:
SF:src\shared\domain\value-object\ValueObject.ts
FN:8,ValueObject
FN:13,ensureValueIsDefined
FN:19,equals
FN:23,toString
FNF:4
FNH:3
FNDA:4,ValueObject
FNDA:4,ensureValueIsDefined
FNDA:1,equals
FNDA:0,toString
DA:1,1
DA:2,1
DA:3,1
DA:4,1
DA:5,1
DA:6,1
DA:7,1
DA:8,1
DA:9,4
DA:10,4
DA:11,4
DA:12,1
DA:13,1
DA:14,4
DA:15,1
DA:16,1
DA:17,4
DA:18,1
DA:19,1
DA:20,1
DA:21,1
DA:22,1
DA:23,1
DA:24,0
DA:25,0
DA:26,0
DA:27,1
LF:27
LH:24
BRDA:8,0,0,4
BRDA:13,1,0,4
BRDA:14,2,0,3
BRDA:14,3,0,1
BRDA:19,4,0,1
BRF:5
BRH:5
end_of_record
